20:02:21.152 [main] INFO  stepDefinitions.Hooks - ******************* Test Suit Started **********************
20:02:40.581 [main] INFO  utilities.MyCustomListener - 
        __    _____ _____ ____ _____   ____   _    ____  ____  _____ ____  
  _     \ \  |_   _| ____/ ___|_   _| |  _ \ / \  / ___|/ ___|| ____|  _ \ 
 (_)_____| |   | | |  _| \___ \ | |   | |_) / _ \ \___ \\___ \|  _| | | | |
  _|_____| |   | | | |___ ___) || |   |  __/ ___ \ ___) |___) | |___| |_| |
 (_)     | |   |_| |_____|____/ |_|   |_| /_/   \_\____/|____/|_____|____/ 
        /_/                                                                

TEST PASSED: 1 Owners create and read test 
----------------------------------------------------------------------
20:02:40.581 [main] INFO  stepDefinitions.Hooks - Entered after scenario
20:03:13.494 [main] INFO  utilities.MyCustomListener - 
           __  _____ _____ ____ _____   _____ _    ___ _     _____ ____  
  _       / / |_   _| ____/ ___|_   _| |  ___/ \  |_ _| |   | ____|  _ \ 
 (_)_____| |    | | |  _| \___ \ | |   | |_ / _ \  | || |   |  _| | | | |
  _|_____| |    | | | |___ ___) || |   |  _/ ___ \ | || |___| |___| |_| |
 (_)     | |    |_| |_____|____/ |_|   |_|/_/   \_\___|_____|_____|____/ 
          \_\                                                            

TEST FAILED: 2 Owners update and read test 
----------------------------------------------------------------------
20:03:13.494 [main] INFO  stepDefinitions.Hooks - Entered after scenario
20:03:17.641 [main] INFO  utilities.MyCustomListener - 
           __  _____ _____ ____ _____   _____ _    ___ _     _____ ____  
  _       / / |_   _| ____/ ___|_   _| |  ___/ \  |_ _| |   | ____|  _ \ 
 (_)_____| |    | | |  _| \___ \ | |   | |_ / _ \  | || |   |  _| | | | |
  _|_____| |    | | | |___ ___) || |   |  _/ ___ \ | || |___| |___| |_| |
 (_)     | |    |_| |_____|____/ |_|   |_|/_/   \_\___|_____|_____|____/ 
          \_\                                                            

TEST FAILED: 3 Owners delete and read test 
----------------------------------------------------------------------
20:03:17.641 [main] INFO  stepDefinitions.Hooks - Entered after scenario
20:03:17.643 [main] INFO  stepDefinitions.Hooks - ******************* Test Suit Completed **********************
